Traceback (most recent call last):
  File "/usr/lib/python3/dist-packages/colcon_parallel_executor/executor/parallel.py", line 75, in execute
    loop.run_until_complete(future)
  File "/usr/lib/python3.10/asyncio/base_events.py", line 636, in run_until_complete
    self.run_forever()
  File "/usr/lib/python3.10/asyncio/base_events.py", line 603, in run_forever
    self._run_once()
  File "/usr/lib/python3.10/asyncio/base_events.py", line 1871, in _run_once
    event_list = self._selector.select(timeout)
  File "/usr/lib/python3.10/selectors.py", line 469, in select
    fd_event_list = self._selector.poll(timeout, max_ev)
KeyboardInterrupt

During handling of the above exception, another exception occurred:

Traceback (most recent call last):
  File "/usr/lib/python3/dist-packages/colcon_core/executor/__init__.py", line 91, in __call__
    rc = await self.task(*args, **kwargs)
  File "/usr/lib/python3/dist-packages/colcon_core/task/__init__.py", line 93, in __call__
    return await task_method(*args, **kwargs)
  File "/usr/lib/python3/dist-packages/colcon_ros/task/ament_python/build.py", line 102, in build
    return await extension.build(additional_hooks=additional_hooks)
  File "/usr/lib/python3/dist-packages/colcon_core/task/python/build.py", line 96, in build
    available_commands = await self._get_available_commands(
  File "/usr/lib/python3/dist-packages/colcon_core/task/python/build.py", line 194, in _get_available_commands
    output = await check_output(
  File "/usr/lib/python3/dist-packages/colcon_core/subprocess.py", line 129, in check_output
    assert not rc, f'Expected {args} to pass: {stderr_data}'
AssertionError: Expected ['/usr/bin/python3', '-W', 'ignore:setup.py install is deprecated', '-W', 'ignore:easy_install command is deprecated', 'setup.py', '--help-commands'] to pass: Traceback (most recent call last):
  File "/home/arepo/vsss_sim/bullet_ws/src/sim/setup.py", line 1, in <module>
    from setuptools import setup
  File "/home/arepo/.local/lib/python3.10/site-packages/setuptools/__init__.py", line 270, in <module>
    monkey.patch_all()
  File "/home/arepo/.local/lib/python3.10/site-packages/setuptools/monkey.py", line 97, in patch_all
    patch_for_msvc_specialized_compiler()
  File "/home/arepo/.local/lib/python3.10/site-packages/setuptools/monkey.py", line 134, in patch_for_msvc_specialized_compiler
    msvc = import_module('setuptools.msvc')
  File "/usr/lib/python3.10/importlib/__init__.py", line 126, in import_module
    return _bootstrap._gcd_import(name[level:], package, level)
  File "/home/arepo/.local/lib/python3.10/site-packages/setuptools/msvc.py", line 1076, in <module>
    class EnvironmentInfo:
  File "/home/arepo/.local/lib/python3.10/site-packages/setuptools/msvc.py", line 1239, in EnvironmentInfo
    def OSLibraries(self):
KeyboardInterrupt

