[0.000000] (-) TimerEvent: {}
[0.000136] (-) JobUnselected: {'identifier': 'sim_msgs'}
[0.000162] (sim) JobQueued: {'identifier': 'sim', 'dependencies': OrderedDict([('sim_msgs', '/home/arepo/vsss_sim/bullet_ws/install/sim_msgs')])}
[0.000182] (sim) JobStarted: {'identifier': 'sim'}
[0.099287] (-) TimerEvent: {}
[0.199618] (-) TimerEvent: {}
[0.299913] (-) TimerEvent: {}
[0.400199] (-) TimerEvent: {}
[0.500534] (-) TimerEvent: {}
[0.600838] (-) TimerEvent: {}
[0.699324] (sim) StderrLine: {'line': b'Traceback (most recent call last):\n  File "/usr/lib/python3/dist-packages/colcon_parallel_executor/executor/parallel.py", line 75, in execute\n    loop.run_until_complete(future)\n  File "/usr/lib/python3.10/asyncio/base_events.py", line 636, in run_until_complete\n    self.run_forever()\n  File "/usr/lib/python3.10/asyncio/base_events.py", line 603, in run_forever\n    self._run_once()\n  File "/usr/lib/python3.10/asyncio/base_events.py", line 1871, in _run_once\n    event_list = self._selector.select(timeout)\n  File "/usr/lib/python3.10/selectors.py", line 469, in select\n    fd_event_list = self._selector.poll(timeout, max_ev)\nKeyboardInterrupt\n\nDuring handling of the above exception, another exception occurred:\n\nTraceback (most recent call last):\n  File "/usr/lib/python3/dist-packages/colcon_core/executor/__init__.py", line 91, in __call__\n    rc = await self.task(*args, **kwargs)\n  File "/usr/lib/python3/dist-packages/colcon_core/task/__init__.py", line 93, in __call__\n    return await task_method(*args, **kwargs)\n  File "/usr/lib/python3/dist-packages/colcon_ros/task/ament_python/build.py", line 102, in build\n    return await extension.build(additional_hooks=additional_hooks)\n  File "/usr/lib/python3/dist-packages/colcon_core/task/python/build.py", line 96, in build\n    available_commands = await self._get_available_commands(\n  File "/usr/lib/python3/dist-packages/colcon_core/task/python/build.py", line 194, in _get_available_commands\n    output = await check_output(\n  File "/usr/lib/python3/dist-packages/colcon_core/subprocess.py", line 129, in check_output\n    assert not rc, f\'Expected {args} to pass: {stderr_data}\'\nAssertionError: Expected [\'/usr/bin/python3\', \'-W\', \'ignore:setup.py install is deprecated\', \'-W\', \'ignore:easy_install command is deprecated\', \'setup.py\', \'--help-commands\'] to pass: Traceback (most recent call last):\n  File "<frozen importlib._bootstrap_external>", line 153, in _path_is_mode_type\n  File "<frozen importlib._bootstrap_external>", line 147, in _path_stat\nFileNotFoundError: [Errno 2] No such file or directory: \'/usr/lib/python3/dist-packages/docutils/transforms/__init__.cpython-310-x86_64-linux-gnu.so\'\n\nDuring handling of the above exception, another exception occurred:\n\nTraceback (most recent call last):\n  File "/home/arepo/vsss_sim/bullet_ws/src/sim/setup.py", line 7, in <module>\n    setup(\n  File "/home/arepo/.local/lib/python3.10/site-packages/setuptools/__init__.py", line 107, in setup\n    return distutils.core.setup(**attrs)\n  File "/home/arepo/.local/lib/python3.10/site-packages/setuptools/_distutils/core.py", line 172, in setup\n    ok = dist.parse_command_line()\n  File "/home/arepo/.local/lib/python3.10/site-packages/setuptools/_distutils/dist.py", line 472, in parse_command_line\n    if self.handle_display_options(option_order):\n  File "/home/arepo/.local/lib/python3.10/site-packages/setuptools/dist.py", line 1220, in handle_display_options\n    return _Distribution.handle_display_options(self, option_order)\n  File "/home/arepo/.local/lib/python3.10/site-packages/setuptools/_distutils/dist.py", line 686, in handle_display_options\n    self.print_commands()\n  File "/home/arepo/.local/lib/python3.10/site-packages/setuptools/dist.py", line 999, in print_commands\n    return _Distribution.print_commands(self)\n  File "/home/arepo/.local/lib/python3.10/site-packages/setuptools/_distutils/dist.py", line 755, in print_commands\n    self.print_command_list(std_commands, "Standard commands", max_length)\n  File "/home/arepo/.local/lib/python3.10/site-packages/setuptools/_distutils/dist.py", line 722, in print_command_list\n    klass = self.get_command_class(cmd)\n  File "/home/arepo/.local/lib/python3.10/site-packages/setuptools/dist.py", line 992, in get_command_class\n    return _Distribution.get_command_class(self, command)\n  File "/home/arepo/.local/lib/python3.10/site-packages/setuptools/_distutils/dist.py", line 828, in get_command_class\n    __import__(module_name)\n  File "/home/arepo/.local/lib/python3.10/site-packages/setuptools/_distutils/command/check.py", line 12, in <module>\n    import docutils.parsers.rst\n  File "/usr/lib/python3/dist-packages/docutils/parsers/rst/__init__.py", line 77, in <module>\n    from docutils.transforms import universal\n  File "<frozen importlib._bootstrap>", line 1027, in _find_and_load\n  File "<frozen importlib._bootstrap>", line 1002, in _find_and_load_unlocked\n  File "<frozen importlib._bootstrap>", line 945, in _find_spec\n  File "<frozen importlib._bootstrap_external>", line 1439, in find_spec\n  File "<frozen importlib._bootstrap_external>", line 1411, in _get_spec\n  File "<frozen importlib._bootstrap_external>", line 1563, in find_spec\n  File "<frozen importlib._bootstrap_external>", line 161, in _path_isfile\n  File "<frozen importlib._bootstrap_external>", line 153, in _path_is_mode_type\nKeyboardInterrupt\n\n'}
[0.700289] (sim) JobEnded: {'identifier': 'sim', 'rc': 'SIGINT'}
[0.700918] (-) TimerEvent: {}
[0.709824] (-) EventReactorShutdown: {}
