[0.333s] Traceback (most recent call last):
  File "/usr/lib/python3/dist-packages/colcon_parallel_executor/executor/parallel.py", line 75, in execute
    loop.run_until_complete(future)
  File "/usr/lib/python3.10/asyncio/base_events.py", line 636, in run_until_complete
    self.run_forever()
  File "/usr/lib/python3.10/asyncio/base_events.py", line 603, in run_forever
    self._run_once()
  File "/usr/lib/python3.10/asyncio/base_events.py", line 1871, in _run_once
    event_list = self._selector.select(timeout)
  File "/usr/lib/python3.10/selectors.py", line 469, in select
    fd_event_list = self._selector.poll(timeout, max_ev)
KeyboardInterrupt

During handling of the above exception, another exception occurred:

Traceback (most recent call last):
  File "/usr/lib/python3/dist-packages/colcon_core/executor/__init__.py", line 91, in __call__
    rc = await self.task(*args, **kwargs)
  File "/usr/lib/python3/dist-packages/colcon_core/task/__init__.py", line 93, in __call__
    return await task_method(*args, **kwargs)
  File "/usr/lib/python3/dist-packages/colcon_ros/task/ament_python/build.py", line 102, in build
    return await extension.build(additional_hooks=additional_hooks)
  File "/usr/lib/python3/dist-packages/colcon_core/task/python/build.py", line 96, in build
    available_commands = await self._get_available_commands(
  File "/usr/lib/python3/dist-packages/colcon_core/task/python/build.py", line 194, in _get_available_commands
    output = await check_output(
  File "/usr/lib/python3/dist-packages/colcon_core/subprocess.py", line 129, in check_output
    assert not rc, f'Expected {args} to pass: {stderr_data}'
AssertionError: Expected ['/usr/bin/python3', '-W', 'ignore:setup.py install is deprecated', '-W', 'ignore:easy_install command is deprecated', 'setup.py', '--help-commands'] to pass: Traceback (most recent call last):
  File "/home/arepo/vsss_sim/bullet_ws/src/sim/setup.py", line 7, in <module>
    setup(
  File "/home/arepo/.local/lib/python3.10/site-packages/setuptools/__init__.py", line 106, in setup
    _install_setup_requires(attrs)
  File "/home/arepo/.local/lib/python3.10/site-packages/setuptools/__init__.py", line 74, in _install_setup_requires
    dist = MinimalDistribution(attrs)
  File "/home/arepo/.local/lib/python3.10/site-packages/setuptools/__init__.py", line 56, in __init__
    super().__init__(filtered)
  File "/home/arepo/.local/lib/python3.10/site-packages/setuptools/dist.py", line 494, in __init__
    for ep in metadata.entry_points(group='distutils.setup_keywords'):
  File "/usr/lib/python3.10/importlib/metadata/__init__.py", line 1021, in entry_points
    return SelectableGroups.load(eps).select(**params)
  File "/usr/lib/python3.10/importlib/metadata/__init__.py", line 487, in select
    return self._all.select(**params)
  File "/usr/lib/python3.10/importlib/metadata/__init__.py", line 359, in select
    return EntryPoints(ep for ep in self if ep.matches(**params))
  File "/usr/lib/python3.10/importlib/metadata/__init__.py", line 359, in <genexpr>
    return EntryPoints(ep for ep in self if ep.matches(**params))
  File "/usr/lib/python3.10/importlib/metadata/__init__.py", line 232, in matches
    return all(map(operator.eq, params.values(), attrs))
  File "/usr/lib/python3.10/importlib/metadata/__init__.py", line 231, in <genexpr>
    attrs = (getattr(self, param) for param in params)
KeyboardInterrupt

