[0.312s] Traceback (most recent call last):
  File "/usr/lib/python3/dist-packages/colcon_parallel_executor/executor/parallel.py", line 75, in execute
    loop.run_until_complete(future)
  File "/usr/lib/python3.10/asyncio/base_events.py", line 636, in run_until_complete
    self.run_forever()
  File "/usr/lib/python3.10/asyncio/base_events.py", line 603, in run_forever
    self._run_once()
  File "/usr/lib/python3.10/asyncio/base_events.py", line 1871, in _run_once
    event_list = self._selector.select(timeout)
  File "/usr/lib/python3.10/selectors.py", line 469, in select
    fd_event_list = self._selector.poll(timeout, max_ev)
KeyboardInterrupt

During handling of the above exception, another exception occurred:

Traceback (most recent call last):
  File "/usr/lib/python3/dist-packages/colcon_core/executor/__init__.py", line 91, in __call__
    rc = await self.task(*args, **kwargs)
  File "/usr/lib/python3/dist-packages/colcon_core/task/__init__.py", line 93, in __call__
    return await task_method(*args, **kwargs)
  File "/usr/lib/python3/dist-packages/colcon_ros/task/ament_python/build.py", line 102, in build
    return await extension.build(additional_hooks=additional_hooks)
  File "/usr/lib/python3/dist-packages/colcon_core/task/python/build.py", line 96, in build
    available_commands = await self._get_available_commands(
  File "/usr/lib/python3/dist-packages/colcon_core/task/python/build.py", line 194, in _get_available_commands
    output = await check_output(
  File "/usr/lib/python3/dist-packages/colcon_core/subprocess.py", line 129, in check_output
    assert not rc, f'Expected {args} to pass: {stderr_data}'
AssertionError: Expected ['/usr/bin/python3', '-W', 'ignore:setup.py install is deprecated', '-W', 'ignore:easy_install command is deprecated', 'setup.py', '--help-commands'] to pass: Traceback (most recent call last):
  File "/home/arepo/vsss_sim/bullet_ws/src/sim/setup.py", line 1, in <module>
    from setuptools import setup
  File "/home/arepo/.local/lib/python3.10/site-packages/setuptools/__init__.py", line 17, in <module>
    from setuptools.dist import Distribution
  File "/home/arepo/.local/lib/python3.10/site-packages/setuptools/dist.py", line 37, in <module>
    from setuptools.config import setupcfg, pyprojecttoml
  File "/home/arepo/.local/lib/python3.10/site-packages/setuptools/config/pyprojecttoml.py", line 20, in <module>
    from ._apply_pyprojecttoml import _PREVIOUSLY_DEFINED, _WouldIgnoreField
  File "/home/arepo/.local/lib/python3.10/site-packages/setuptools/config/_apply_pyprojecttoml.py", line 13, in <module>
    from email.headerregistry import Address
  File "/usr/lib/python3.10/email/headerregistry.py", line 10, in <module>
    from email import _header_value_parser as parser
  File "/usr/lib/python3.10/email/_header_value_parser.py", line 102, in <module>
    rfc2047_matcher = re.compile(r'''
  File "/usr/lib/python3.10/re.py", line 251, in compile
    return _compile(pattern, flags)
  File "/usr/lib/python3.10/re.py", line 303, in _compile
    p = sre_compile.compile(pattern, flags)
KeyboardInterrupt

