[0.000000] (-) TimerEvent: {}
[0.000171] (-) JobUnselected: {'identifier': 'sim_msgs'}
[0.000214] (sim) JobQueued: {'identifier': 'sim', 'dependencies': OrderedDict([('sim_msgs', '/home/arepo/vsss_sim/bullet_ws/install/sim_msgs')])}
[0.000239] (sim) JobStarted: {'identifier': 'sim'}
[0.099318] (-) TimerEvent: {}
[0.199636] (-) TimerEvent: {}
[0.299933] (-) TimerEvent: {}
[0.400248] (-) TimerEvent: {}
[0.435338] (sim) StderrLine: {'line': b'Traceback (most recent call last):\n  File "/usr/lib/python3/dist-packages/colcon_parallel_executor/executor/parallel.py", line 75, in execute\n    loop.run_until_complete(future)\n  File "/usr/lib/python3.10/asyncio/base_events.py", line 636, in run_until_complete\n    self.run_forever()\n  File "/usr/lib/python3.10/asyncio/base_events.py", line 603, in run_forever\n    self._run_once()\n  File "/usr/lib/python3.10/asyncio/base_events.py", line 1871, in _run_once\n    event_list = self._selector.select(timeout)\n  File "/usr/lib/python3.10/selectors.py", line 469, in select\n    fd_event_list = self._selector.poll(timeout, max_ev)\nKeyboardInterrupt\n\nDuring handling of the above exception, another exception occurred:\n\nTraceback (most recent call last):\n  File "/usr/lib/python3/dist-packages/colcon_core/executor/__init__.py", line 91, in __call__\n    rc = await self.task(*args, **kwargs)\n  File "/usr/lib/python3/dist-packages/colcon_core/task/__init__.py", line 93, in __call__\n    return await task_method(*args, **kwargs)\n  File "/usr/lib/python3/dist-packages/colcon_ros/task/ament_python/build.py", line 102, in build\n    return await extension.build(additional_hooks=additional_hooks)\n  File "/usr/lib/python3/dist-packages/colcon_core/task/python/build.py", line 96, in build\n    available_commands = await self._get_available_commands(\n  File "/usr/lib/python3/dist-packages/colcon_core/task/python/build.py", line 194, in _get_available_commands\n    output = await check_output(\n  File "/usr/lib/python3/dist-packages/colcon_core/subprocess.py", line 129, in check_output\n    assert not rc, f\'Expected {args} to pass: {stderr_data}\'\nAssertionError: Expected [\'/usr/bin/python3\', \'-W\', \'ignore:setup.py install is deprecated\', \'-W\', \'ignore:easy_install command is deprecated\', \'setup.py\', \'--help-commands\'] to pass: Traceback (most recent call last):\n  File "/home/arepo/vsss_sim/bullet_ws/src/sim/setup.py", line 7, in <module>\n    setup(\n  File "/home/arepo/.local/lib/python3.10/site-packages/setuptools/__init__.py", line 107, in setup\n    return distutils.core.setup(**attrs)\n  File "/home/arepo/.local/lib/python3.10/site-packages/setuptools/_distutils/core.py", line 172, in setup\n    ok = dist.parse_command_line()\n  File "/home/arepo/.local/lib/python3.10/site-packages/setuptools/_distutils/dist.py", line 472, in parse_command_line\n    if self.handle_display_options(option_order):\n  File "/home/arepo/.local/lib/python3.10/site-packages/setuptools/dist.py", line 1220, in handle_display_options\n    return _Distribution.handle_display_options(self, option_order)\n  File "/home/arepo/.local/lib/python3.10/site-packages/setuptools/_distutils/dist.py", line 686, in handle_display_options\n    self.print_commands()\n  File "/home/arepo/.local/lib/python3.10/site-packages/setuptools/dist.py", line 997, in print_commands\n    cmdclass = ep.load()\n  File "/usr/lib/python3.10/importlib/metadata/__init__.py", line 171, in load\n    module = import_module(match.group(\'module\'))\n  File "/usr/lib/python3.10/importlib/__init__.py", line 126, in import_module\n    return _bootstrap._gcd_import(name[level:], package, level)\n  File "<frozen importlib._bootstrap>", line 1050, in _gcd_import\n  File "<frozen importlib._bootstrap>", line 1027, in _find_and_load\n  File "<frozen importlib._bootstrap>", line 1006, in _find_and_load_unlocked\n  File "<frozen importlib._bootstrap>", line 688, in _load_unlocked\n  File "<frozen importlib._bootstrap_external>", line 883, in exec_module\n  File "<frozen importlib._bootstrap>", line 241, in _call_with_frames_removed\n  File "/home/arepo/.local/lib/python3.10/site-packages/setuptools/command/develop.py", line 8, in <module>\n    from setuptools.command.easy_install import easy_install\n  File "/home/arepo/.local/lib/python3.10/site-packages/setuptools/command/easy_install.py", line 48, in <module>\n    from setuptools.sandbox import run_setup\n  File "/home/arepo/.local/lib/python3.10/site-packages/setuptools/sandbox.py", line 13, in <module>\n    import pkg_resources\n  File "/home/arepo/.local/lib/python3.10/site-packages/pkg_resources/__init__.py", line 3327, in <module>\n    def _initialize_master_working_set():\n  File "/home/arepo/.local/lib/python3.10/site-packages/pkg_resources/__init__.py", line 3301, in _call_aside\n    f(*args, **kwargs)\n  File "/home/arepo/.local/lib/python3.10/site-packages/pkg_resources/__init__.py", line 3359, in _initialize_master_working_set\n    list(map(working_set.add_entry, sys.path))\n  File "/home/arepo/.local/lib/python3.10/site-packages/pkg_resources/__init__.py", line 669, in add_entry\n    for dist in find_distributions(entry, True):\n  File "/home/arepo/.local/lib/python3.10/site-packages/pkg_resources/__init__.py", line 2133, in find_on_path\n    for dist in factory(fullpath):\n  File "/home/arepo/.local/lib/python3.10/site-packages/pkg_resources/__init__.py", line 2191, in distributions_from_metadata\n    if len(os.listdir(path)) == 0:\nKeyboardInterrupt\n\n'}
[0.436571] (sim) JobEnded: {'identifier': 'sim', 'rc': 'SIGINT'}
[0.447046] (-) EventReactorShutdown: {}
