[0.000000] (-) TimerEvent: {}
[0.000156] (-) JobUnselected: {'identifier': 'sim_msgs'}
[0.000193] (sim) JobQueued: {'identifier': 'sim', 'dependencies': OrderedDict([('sim_msgs', '/home/arepo/vsss_sim/bullet_ws/install/sim_msgs')])}
[0.000222] (sim) JobStarted: {'identifier': 'sim'}
[0.099011] (-) TimerEvent: {}
[0.199477] (-) TimerEvent: {}
[0.300143] (-) TimerEvent: {}
[0.400782] (-) TimerEvent: {}
[0.416673] (sim) StderrLine: {'line': b'Traceback (most recent call last):\n  File "/usr/lib/python3/dist-packages/colcon_parallel_executor/executor/parallel.py", line 75, in execute\n    loop.run_until_complete(future)\n  File "/usr/lib/python3.10/asyncio/base_events.py", line 636, in run_until_complete\n    self.run_forever()\n  File "/usr/lib/python3.10/asyncio/base_events.py", line 603, in run_forever\n    self._run_once()\n  File "/usr/lib/python3.10/asyncio/base_events.py", line 1871, in _run_once\n    event_list = self._selector.select(timeout)\n  File "/usr/lib/python3.10/selectors.py", line 469, in select\n    fd_event_list = self._selector.poll(timeout, max_ev)\nKeyboardInterrupt\n\nDuring handling of the above exception, another exception occurred:\n\nTraceback (most recent call last):\n  File "/usr/lib/python3/dist-packages/colcon_core/executor/__init__.py", line 91, in __call__\n    rc = await self.task(*args, **kwargs)\n  File "/usr/lib/python3/dist-packages/colcon_core/task/__init__.py", line 93, in __call__\n    return await task_method(*args, **kwargs)\n  File "/usr/lib/python3/dist-packages/colcon_ros/task/ament_python/build.py", line 102, in build\n    return await extension.build(additional_hooks=additional_hooks)\n  File "/usr/lib/python3/dist-packages/colcon_core/task/python/build.py", line 96, in build\n    available_commands = await self._get_available_commands(\n  File "/usr/lib/python3/dist-packages/colcon_core/task/python/build.py", line 194, in _get_available_commands\n    output = await check_output(\n  File "/usr/lib/python3/dist-packages/colcon_core/subprocess.py", line 129, in check_output\n    assert not rc, f\'Expected {args} to pass: {stderr_data}\'\nAssertionError: Expected [\'/usr/bin/python3\', \'-W\', \'ignore:setup.py install is deprecated\', \'-W\', \'ignore:easy_install command is deprecated\', \'setup.py\', \'--help-commands\'] to pass: Traceback (most recent call last):\n  File "/home/arepo/vsss_sim/bullet_ws/src/sim/setup.py", line 7, in <module>\n    setup(\n  File "/home/arepo/.local/lib/python3.10/site-packages/setuptools/__init__.py", line 107, in setup\n    return distutils.core.setup(**attrs)\n  File "/home/arepo/.local/lib/python3.10/site-packages/setuptools/_distutils/core.py", line 159, in setup\n    dist.parse_config_files()\n  File "/home/arepo/.local/lib/python3.10/site-packages/setuptools/dist.py", line 902, in parse_config_files\n    self._parse_config_files(filenames=inifiles)\n  File "/home/arepo/.local/lib/python3.10/site-packages/setuptools/dist.py", line 755, in _parse_config_files\n    opt = self.warn_dash_deprecation(opt, section)\n  File "/home/arepo/.local/lib/python3.10/site-packages/setuptools/dist.py", line 791, in warn_dash_deprecation\n    self._setuptools_commands(),\n  File "/home/arepo/.local/lib/python3.10/site-packages/setuptools/dist.py", line 815, in _setuptools_commands\n    return metadata.distribution(\'setuptools\').entry_points.names\n  File "/usr/lib/python3.10/importlib/metadata/__init__.py", line 969, in distribution\n    return Distribution.from_name(distribution_name)\n  File "/usr/lib/python3.10/importlib/metadata/__init__.py", line 544, in from_name\n    dist = next(iter(dists), None)\n  File "/usr/lib/python3.10/importlib/metadata/__init__.py", line 904, in <genexpr>\n    path.search(prepared) for path in map(FastPath, paths)\n  File "/usr/lib/python3.10/importlib/metadata/__init__.py", line 802, in search\n    return self.lookup(self.mtime).search(name)\n  File "/usr/lib/python3.10/importlib/metadata/__init__.py", line 837, in search\n    def search(self, prepared):\nKeyboardInterrupt\n\n'}
[0.417669] (sim) JobEnded: {'identifier': 'sim', 'rc': 'SIGINT'}
[0.427527] (-) EventReactorShutdown: {}
