[0.000000] (-) TimerEvent: {}
[0.000639] (-) JobUnselected: {'identifier': 'sim_msgs'}
[0.000708] (sim) JobQueued: {'identifier': 'sim', 'dependencies': OrderedDict([('sim_msgs', '/home/arepo/vsss_sim/bullet_ws/install/sim_msgs')])}
[0.000732] (sim) JobStarted: {'identifier': 'sim'}
[0.100027] (-) TimerEvent: {}
[0.200330] (-) TimerEvent: {}
[0.300637] (-) TimerEvent: {}
[0.401014] (-) TimerEvent: {}
[0.501300] (-) TimerEvent: {}
[0.601637] (-) TimerEvent: {}
[0.622963] (sim) StderrLine: {'line': b'Traceback (most recent call last):\n  File "/usr/lib/python3/dist-packages/colcon_parallel_executor/executor/parallel.py", line 75, in execute\n    loop.run_until_complete(future)\n  File "/usr/lib/python3.10/asyncio/base_events.py", line 636, in run_until_complete\n    self.run_forever()\n  File "/usr/lib/python3.10/asyncio/base_events.py", line 603, in run_forever\n    self._run_once()\n  File "/usr/lib/python3.10/asyncio/base_events.py", line 1871, in _run_once\n    event_list = self._selector.select(timeout)\n  File "/usr/lib/python3.10/selectors.py", line 469, in select\n    fd_event_list = self._selector.poll(timeout, max_ev)\nKeyboardInterrupt\n\nDuring handling of the above exception, another exception occurred:\n\nTraceback (most recent call last):\n  File "/usr/lib/python3/dist-packages/colcon_core/executor/__init__.py", line 91, in __call__\n    rc = await self.task(*args, **kwargs)\n  File "/usr/lib/python3/dist-packages/colcon_core/task/__init__.py", line 93, in __call__\n    return await task_method(*args, **kwargs)\n  File "/usr/lib/python3/dist-packages/colcon_ros/task/ament_python/build.py", line 102, in build\n    return await extension.build(additional_hooks=additional_hooks)\n  File "/usr/lib/python3/dist-packages/colcon_core/task/python/build.py", line 96, in build\n    available_commands = await self._get_available_commands(\n  File "/usr/lib/python3/dist-packages/colcon_core/task/python/build.py", line 194, in _get_available_commands\n    output = await check_output(\n  File "/usr/lib/python3/dist-packages/colcon_core/subprocess.py", line 129, in check_output\n    assert not rc, f\'Expected {args} to pass: {stderr_data}\'\nAssertionError: Expected [\'/usr/bin/python3\', \'-W\', \'ignore:setup.py install is deprecated\', \'-W\', \'ignore:easy_install command is deprecated\', \'setup.py\', \'--help-commands\'] to pass: Traceback (most recent call last):\n  File "/home/arepo/vsss_sim/bullet_ws/src/sim/setup.py", line 7, in <module>\n    setup(\n  File "/home/arepo/.local/lib/python3.10/site-packages/setuptools/__init__.py", line 107, in setup\n    return distutils.core.setup(**attrs)\n  File "/home/arepo/.local/lib/python3.10/site-packages/setuptools/_distutils/core.py", line 172, in setup\n    ok = dist.parse_command_line()\n  File "/home/arepo/.local/lib/python3.10/site-packages/setuptools/_distutils/dist.py", line 472, in parse_command_line\n    if self.handle_display_options(option_order):\n  File "/home/arepo/.local/lib/python3.10/site-packages/setuptools/dist.py", line 1220, in handle_display_options\n    return _Distribution.handle_display_options(self, option_order)\n  File "/home/arepo/.local/lib/python3.10/site-packages/setuptools/_distutils/dist.py", line 686, in handle_display_options\n    self.print_commands()\n  File "/home/arepo/.local/lib/python3.10/site-packages/setuptools/dist.py", line 999, in print_commands\n    return _Distribution.print_commands(self)\n  File "/home/arepo/.local/lib/python3.10/site-packages/setuptools/_distutils/dist.py", line 755, in print_commands\n    self.print_command_list(std_commands, "Standard commands", max_length)\n  File "/home/arepo/.local/lib/python3.10/site-packages/setuptools/_distutils/dist.py", line 722, in print_command_list\n    klass = self.get_command_class(cmd)\n  File "/home/arepo/.local/lib/python3.10/site-packages/setuptools/dist.py", line 987, in get_command_class\n    eps = metadata.entry_points(group=\'distutils.commands\', name=command)\n  File "/usr/lib/python3.10/importlib/metadata/__init__.py", line 1021, in entry_points\n    return SelectableGroups.load(eps).select(**params)\n  File "/usr/lib/python3.10/importlib/metadata/__init__.py", line 459, in load\n    ordered = sorted(eps, key=by_group)\n  File "/usr/lib/python3.10/importlib/metadata/__init__.py", line 1019, in <genexpr>\n    dist.entry_points for dist in unique(distributions())\n  File "/usr/lib/python3.10/importlib/metadata/__init__.py", line 631, in entry_points\n    return EntryPoints._from_text_for(self.read_text(\'entry_points.txt\'), self)\n  File "/usr/lib/python3.10/importlib/metadata/__init__.py", line 927, in read_text\n    return self._path.joinpath(filename).read_text(encoding=\'utf-8\')\n  File "/usr/lib/python3.10/pathlib.py", line 1135, in read_text\n    return f.read()\n  File "/usr/lib/python3.10/codecs.py", line 319, in decode\n    def decode(self, input, final=False):\nKeyboardInterrupt\n\n'}
[0.623913] (sim) JobEnded: {'identifier': 'sim', 'rc': 'SIGINT'}
[0.633362] (-) EventReactorShutdown: {}
