[0.000000] (-) TimerEvent: {}
[0.000221] (-) JobUnselected: {'identifier': 'sim_msgs'}
[0.000300] (sim) JobQueued: {'identifier': 'sim', 'dependencies': OrderedDict([('sim_msgs', '/home/arepo/vsss_sim/bullet_ws/install/sim_msgs')])}
[0.000326] (sim) JobStarted: {'identifier': 'sim'}
[0.099212] (-) TimerEvent: {}
[0.199801] (-) TimerEvent: {}
[0.252035] (sim) StderrLine: {'line': b'Traceback (most recent call last):\n  File "/usr/lib/python3/dist-packages/colcon_parallel_executor/executor/parallel.py", line 75, in execute\n    loop.run_until_complete(future)\n  File "/usr/lib/python3.10/asyncio/base_events.py", line 636, in run_until_complete\n    self.run_forever()\n  File "/usr/lib/python3.10/asyncio/base_events.py", line 603, in run_forever\n    self._run_once()\n  File "/usr/lib/python3.10/asyncio/base_events.py", line 1871, in _run_once\n    event_list = self._selector.select(timeout)\n  File "/usr/lib/python3.10/selectors.py", line 469, in select\n    fd_event_list = self._selector.poll(timeout, max_ev)\nKeyboardInterrupt\n\nDuring handling of the above exception, another exception occurred:\n\nTraceback (most recent call last):\n  File "/usr/lib/python3/dist-packages/colcon_core/executor/__init__.py", line 91, in __call__\n    rc = await self.task(*args, **kwargs)\n  File "/usr/lib/python3/dist-packages/colcon_core/task/__init__.py", line 93, in __call__\n    return await task_method(*args, **kwargs)\n  File "/usr/lib/python3/dist-packages/colcon_ros/task/ament_python/build.py", line 102, in build\n    return await extension.build(additional_hooks=additional_hooks)\n  File "/usr/lib/python3/dist-packages/colcon_core/task/python/build.py", line 96, in build\n    available_commands = await self._get_available_commands(\n  File "/usr/lib/python3/dist-packages/colcon_core/task/python/build.py", line 194, in _get_available_commands\n    output = await check_output(\n  File "/usr/lib/python3/dist-packages/colcon_core/subprocess.py", line 129, in check_output\n    assert not rc, f\'Expected {args} to pass: {stderr_data}\'\nAssertionError: Expected [\'/usr/bin/python3\', \'-W\', \'ignore:setup.py install is deprecated\', \'-W\', \'ignore:easy_install command is deprecated\', \'setup.py\', \'--help-commands\'] to pass: Traceback (most recent call last):\n  File "/home/arepo/vsss_sim/bullet_ws/src/sim/setup.py", line 1, in <module>\n    from setuptools import setup\n  File "/home/arepo/.local/lib/python3.10/site-packages/setuptools/__init__.py", line 7, in <module>\n    import _distutils_hack.override  # noqa: F401\n  File "/home/arepo/.local/lib/python3.10/site-packages/_distutils_hack/override.py", line 1, in <module>\n    __import__(\'_distutils_hack\').do_override()\n  File "/home/arepo/.local/lib/python3.10/site-packages/_distutils_hack/__init__.py", line 77, in do_override\n    ensure_local_distutils()\n  File "/home/arepo/.local/lib/python3.10/site-packages/_distutils_hack/__init__.py", line 60, in ensure_local_distutils\n    importlib.import_module(\'distutils\')\n  File "/usr/lib/python3.10/importlib/__init__.py", line 126, in import_module\n    return _bootstrap._gcd_import(name[level:], package, level)\n  File "<frozen importlib._bootstrap>", line 1050, in _gcd_import\n  File "<frozen importlib._bootstrap>", line 1027, in _find_and_load\n  File "<frozen importlib._bootstrap>", line 1002, in _find_and_load_unlocked\n  File "<frozen importlib._bootstrap>", line 945, in _find_spec\n  File "/home/arepo/.local/lib/python3.10/site-packages/_distutils_hack/__init__.py", line 97, in find_spec\n    return method()\n  File "/home/arepo/.local/lib/python3.10/site-packages/_distutils_hack/__init__.py", line 108, in spec_for_distutils\n    mod = importlib.import_module(\'setuptools._distutils\')\n  File "/usr/lib/python3.10/importlib/__init__.py", line 126, in import_module\n    return _bootstrap._gcd_import(name[level:], package, level)\n  File "/home/arepo/.local/lib/python3.10/site-packages/setuptools/_distutils/__init__.py", line 12, in <module>\n    importlib.import_module(\'_distutils_system_mod\')\n  File "/usr/lib/python3.10/importlib/__init__.py", line 126, in import_module\n    return _bootstrap._gcd_import(name[level:], package, level)\n  File "/usr/lib/python3.10/_distutils_system_mod.py", line 16, in <module>\n    import distutils.command.install as orig_install\n  File "/home/arepo/.local/lib/python3.10/site-packages/setuptools/_distutils/command/install.py", line 12, in <module>\n    from ..core import Command\n  File "/home/arepo/.local/lib/python3.10/site-packages/setuptools/_distutils/core.py", line 22, in <module>\n    from .dist import Distribution\n  File "/home/arepo/.local/lib/python3.10/site-packages/setuptools/_distutils/dist.py", line 26, in <module>\n    from .fancy_getopt import FancyGetopt, translate_longopt\n  File "<frozen importlib._bootstrap>", line 1027, in _find_and_load\n  File "<frozen importlib._bootstrap>", line 1006, in _find_and_load_unlocked\n  File "<frozen importlib._bootstrap>", line 688, in _load_unlocked\n  File "<frozen importlib._bootstrap_external>", line 879, in exec_module\n  File "<frozen importlib._bootstrap_external>", line 1012, in get_code\n  File "<frozen importlib._bootstrap_external>", line 672, in _compile_bytecode\nKeyboardInterrupt\n\n'}
[0.252854] (sim) JobEnded: {'identifier': 'sim', 'rc': 'SIGINT'}
[0.262656] (-) EventReactorShutdown: {}
