[0.000000] (-) TimerEvent: {}
[0.000280] (-) JobUnselected: {'identifier': 'sim_msgs'}
[0.000328] (sim) JobQueued: {'identifier': 'sim', 'dependencies': OrderedDict([('sim_msgs', '/home/arepo/vsss_sim/bullet_ws/install/sim_msgs')])}
[0.000414] (sim) JobStarted: {'identifier': 'sim'}
[0.099232] (-) TimerEvent: {}
[0.199498] (-) TimerEvent: {}
[0.299818] (-) TimerEvent: {}
[0.348014] (sim) StderrLine: {'line': b'Traceback (most recent call last):\n  File "/usr/lib/python3/dist-packages/colcon_parallel_executor/executor/parallel.py", line 75, in execute\n    loop.run_until_complete(future)\n  File "/usr/lib/python3.10/asyncio/base_events.py", line 636, in run_until_complete\n    self.run_forever()\n  File "/usr/lib/python3.10/asyncio/base_events.py", line 603, in run_forever\n    self._run_once()\n  File "/usr/lib/python3.10/asyncio/base_events.py", line 1871, in _run_once\n    event_list = self._selector.select(timeout)\n  File "/usr/lib/python3.10/selectors.py", line 469, in select\n    fd_event_list = self._selector.poll(timeout, max_ev)\nKeyboardInterrupt\n\nDuring handling of the above exception, another exception occurred:\n\nTraceback (most recent call last):\n  File "/usr/lib/python3/dist-packages/colcon_core/executor/__init__.py", line 91, in __call__\n    rc = await self.task(*args, **kwargs)\n  File "/usr/lib/python3/dist-packages/colcon_core/task/__init__.py", line 93, in __call__\n    return await task_method(*args, **kwargs)\n  File "/usr/lib/python3/dist-packages/colcon_ros/task/ament_python/build.py", line 102, in build\n    return await extension.build(additional_hooks=additional_hooks)\n  File "/usr/lib/python3/dist-packages/colcon_core/task/python/build.py", line 96, in build\n    available_commands = await self._get_available_commands(\n  File "/usr/lib/python3/dist-packages/colcon_core/task/python/build.py", line 194, in _get_available_commands\n    output = await check_output(\n  File "/usr/lib/python3/dist-packages/colcon_core/subprocess.py", line 129, in check_output\n    assert not rc, f\'Expected {args} to pass: {stderr_data}\'\nAssertionError: Expected [\'/usr/bin/python3\', \'-W\', \'ignore:setup.py install is deprecated\', \'-W\', \'ignore:easy_install command is deprecated\', \'setup.py\', \'--help-commands\'] to pass: Traceback (most recent call last):\n  File "/home/arepo/vsss_sim/bullet_ws/src/sim/setup.py", line 7, in <module>\n    setup(\n  File "/home/arepo/.local/lib/python3.10/site-packages/setuptools/__init__.py", line 107, in setup\n    return distutils.core.setup(**attrs)\n  File "/home/arepo/.local/lib/python3.10/site-packages/setuptools/_distutils/core.py", line 147, in setup\n    _setup_distribution = dist = klass(attrs)\n  File "/home/arepo/.local/lib/python3.10/site-packages/setuptools/dist.py", line 496, in __init__\n    _Distribution.__init__(\n  File "/home/arepo/.local/lib/python3.10/site-packages/setuptools/_distutils/dist.py", line 283, in __init__\n    self.finalize_options()\n  File "/home/arepo/.local/lib/python3.10/site-packages/setuptools/dist.py", line 935, in finalize_options\n    ep(self)\n  File "/home/arepo/.local/lib/python3.10/site-packages/setuptools/dist.py", line 952, in _finalize_setup_keywords\n    for ep in metadata.entry_points(group=\'distutils.setup_keywords\'):\n  File "/usr/lib/python3.10/importlib/metadata/__init__.py", line 1021, in entry_points\n    return SelectableGroups.load(eps).select(**params)\n  File "/usr/lib/python3.10/importlib/metadata/__init__.py", line 459, in load\n    ordered = sorted(eps, key=by_group)\n  File "/usr/lib/python3.10/importlib/metadata/__init__.py", line 1018, in <genexpr>\n    eps = itertools.chain.from_iterable(\n  File "/usr/lib/python3.10/importlib/metadata/_itertools.py", line 16, in unique_everseen\n    k = key(element)\n  File "/usr/lib/python3.10/importlib/metadata/__init__.py", line 942, in _normalized_name\n    pass_none(Prepared.normalize)(self._name_from_stem(stem))\n  File "/usr/lib/python3.10/importlib/metadata/_functools.py", line 100, in pass_none\n    def wrapper(param, *args, **kwargs):\n  File "/usr/lib/python3.10/functools.py", line 35, in update_wrapper\n    def update_wrapper(wrapper,\nKeyboardInterrupt\n\n'}
[0.348809] (sim) JobEnded: {'identifier': 'sim', 'rc': 'SIGINT'}
[0.358422] (-) EventReactorShutdown: {}
