[0.000000] (-) TimerEvent: {}
[0.000124] (-) JobUnselected: {'identifier': 'sim_msgs'}
[0.000160] (sim) JobQueued: {'identifier': 'sim', 'dependencies': OrderedDict([('sim_msgs', '/home/arepo/vsss_sim/bullet_ws/install/sim_msgs')])}
[0.000187] (sim) JobStarted: {'identifier': 'sim'}
[0.099424] (-) TimerEvent: {}
[0.200733] (-) TimerEvent: {}
[0.301075] (-) TimerEvent: {}
[0.312057] (sim) StderrLine: {'line': b'Traceback (most recent call last):\n  File "/usr/lib/python3/dist-packages/colcon_parallel_executor/executor/parallel.py", line 75, in execute\n    loop.run_until_complete(future)\n  File "/usr/lib/python3.10/asyncio/base_events.py", line 636, in run_until_complete\n    self.run_forever()\n  File "/usr/lib/python3.10/asyncio/base_events.py", line 603, in run_forever\n    self._run_once()\n  File "/usr/lib/python3.10/asyncio/base_events.py", line 1871, in _run_once\n    event_list = self._selector.select(timeout)\n  File "/usr/lib/python3.10/selectors.py", line 469, in select\n    fd_event_list = self._selector.poll(timeout, max_ev)\nKeyboardInterrupt\n\nDuring handling of the above exception, another exception occurred:\n\nTraceback (most recent call last):\n  File "/usr/lib/python3/dist-packages/colcon_core/executor/__init__.py", line 91, in __call__\n    rc = await self.task(*args, **kwargs)\n  File "/usr/lib/python3/dist-packages/colcon_core/task/__init__.py", line 93, in __call__\n    return await task_method(*args, **kwargs)\n  File "/usr/lib/python3/dist-packages/colcon_ros/task/ament_python/build.py", line 102, in build\n    return await extension.build(additional_hooks=additional_hooks)\n  File "/usr/lib/python3/dist-packages/colcon_core/task/python/build.py", line 96, in build\n    available_commands = await self._get_available_commands(\n  File "/usr/lib/python3/dist-packages/colcon_core/task/python/build.py", line 194, in _get_available_commands\n    output = await check_output(\n  File "/usr/lib/python3/dist-packages/colcon_core/subprocess.py", line 129, in check_output\n    assert not rc, f\'Expected {args} to pass: {stderr_data}\'\nAssertionError: Expected [\'/usr/bin/python3\', \'-W\', \'ignore:setup.py install is deprecated\', \'-W\', \'ignore:easy_install command is deprecated\', \'setup.py\', \'--help-commands\'] to pass: Traceback (most recent call last):\n  File "/home/arepo/vsss_sim/bullet_ws/src/sim/setup.py", line 1, in <module>\n    from setuptools import setup\n  File "/home/arepo/.local/lib/python3.10/site-packages/setuptools/__init__.py", line 17, in <module>\n    from setuptools.dist import Distribution\n  File "/home/arepo/.local/lib/python3.10/site-packages/setuptools/dist.py", line 37, in <module>\n    from setuptools.config import setupcfg, pyprojecttoml\n  File "/home/arepo/.local/lib/python3.10/site-packages/setuptools/config/pyprojecttoml.py", line 20, in <module>\n    from ._apply_pyprojecttoml import _PREVIOUSLY_DEFINED, _WouldIgnoreField\n  File "/home/arepo/.local/lib/python3.10/site-packages/setuptools/config/_apply_pyprojecttoml.py", line 13, in <module>\n    from email.headerregistry import Address\n  File "/usr/lib/python3.10/email/headerregistry.py", line 10, in <module>\n    from email import _header_value_parser as parser\n  File "/usr/lib/python3.10/email/_header_value_parser.py", line 102, in <module>\n    rfc2047_matcher = re.compile(r\'\'\'\n  File "/usr/lib/python3.10/re.py", line 251, in compile\n    return _compile(pattern, flags)\n  File "/usr/lib/python3.10/re.py", line 303, in _compile\n    p = sre_compile.compile(pattern, flags)\nKeyboardInterrupt\n\n'}
[0.312743] (sim) JobEnded: {'identifier': 'sim', 'rc': 'SIGINT'}
[0.322734] (-) EventReactorShutdown: {}
